<?xml version="1.0" encoding="UTF-8"?>
<!-- Generated by org.testng.reporters.JUnitXMLReporter -->
<testsuite ignored="1" hostname="lenovo" failures="0" tests="3" name="Test" time="39.25" errors="0" timestamp="2024-08-08T10:39:18 IST">
  <testcase classname="com.Amokart.registertest.RegisterTest" name="createUser_invalidData" time="9.752"/>
  <testcase classname="com.Amokart.registertest.RegisterTest" name="createUser_invalidData" time="9.89"/>
  <testcase classname="com.Amokart.registertest.RegisterTest" name="createUser_invalidData" time="9.691"/>
  <testcase classname="com.Amokart.registertest.RegisterTest" name="createUser_validData" time="0.0">
    <ignored/>
  </testcase> <!-- createUser_validData -->
</testsuite> <!-- Test -->
