<?xml version="1.0" encoding="UTF-8"?>
<!-- Generated by org.testng.reporters.JUnitXMLReporter -->
<testsuite ignored="1" hostname="lenovo" failures="0" tests="3" name="Default test" time="3.312" errors="0" timestamp="2024-08-06T11:42:31 IST">
  <testcase classname="com.Amokart.registertest.registerTest" name="createUser_invalidData" time="0.024"/>
  <testcase classname="com.Amokart.registertest.registerTest" name="createUser_invalidData" time="0.002"/>
  <testcase classname="com.Amokart.registertest.registerTest" name="createUser_invalidData" time="0.003"/>
  <testcase classname="com.Amokart.registertest.registerTest" name="createUser_validData" time="0.0">
    <ignored/>
  </testcase> <!-- createUser_validData -->
</testsuite> <!-- Default test -->
