<?xml version="1.0" encoding="UTF-8"?>
<testng-results ignored="0" total="3" passed="3" failed="0" skipped="0">
  <reporter-output>
    <line>
      <![CDATA[get SuiteConnections done Successful]]>
    </line>
    <line>
      <![CDATA[Pre Condition Successful]]>
    </line>
    <line>
      <![CDATA[BrowserSetup Successful]]>
    </line>
    <line>
      <![CDATA[Login Successful]]>
    </line>
    <line>
      <![CDATA[createUser_invalidData for registerTest]]>
    </line>
    <line>
      <![CDATA[Logout Successful]]>
    </line>
    <line>
      <![CDATA[Login Successful]]>
    </line>
    <line>
      <![CDATA[createUser_invalidData for registerTest]]>
    </line>
    <line>
      <![CDATA[Logout Successful]]>
    </line>
    <line>
      <![CDATA[Login Successful]]>
    </line>
    <line>
      <![CDATA[createUser_invalidData for registerTest]]>
    </line>
    <line>
      <![CDATA[Logout Successful]]>
    </line>
    <line>
      <![CDATA[CloseBrowser Successful]]>
    </line>
    <line>
      <![CDATA[Post condition done Successful]]>
    </line>
    <line>
      <![CDATA[terminate SuiteConnections done Successful]]>
    </line>
  </reporter-output>
  <suite started-at="2024-08-08T10:38:38 IST" name="Suite" finished-at="2024-08-08T10:39:18 IST" duration-ms="39250">
    <groups>
    </groups>
    <test started-at="2024-08-08T10:38:38 IST" name="Test" finished-at="2024-08-08T10:39:18 IST" duration-ms="39250">
      <class name="com.Amokart.registertest.RegisterTest">
        <test-method is-config="true" signature="getSuiteConnections()[pri:0, instance:com.Amokart.registertest.RegisterTest@74ea2410]" started-at="2024-08-08T10:38:38 IST" name="getSuiteConnections" finished-at="2024-08-08T10:38:38 IST" duration-ms="11" status="PASS">
          <reporter-output>
            <line>
              <![CDATA[get SuiteConnections done Successful]]>
            </line>
          </reporter-output>
        </test-method> <!-- getSuiteConnections -->
        <test-method is-config="true" signature="precondition()[pri:0, instance:com.Amokart.registertest.RegisterTest@74ea2410]" started-at="2024-08-08T10:38:38 IST" name="precondition" finished-at="2024-08-08T10:38:38 IST" duration-ms="2" status="PASS">
          <reporter-output>
            <line>
              <![CDATA[Pre Condition Successful]]>
            </line>
          </reporter-output>
        </test-method> <!-- precondition -->
        <test-method is-config="true" signature="browserSetUp(java.lang.String)[pri:0, instance:com.Amokart.registertest.RegisterTest@74ea2410]" started-at="2024-08-08T10:38:38 IST" name="browserSetUp" finished-at="2024-08-08T10:38:48 IST" duration-ms="9452" status="PASS">
          <params>
            <param index="0">
              <value>
                <![CDATA[chrome]]>
              </value>
            </param>
          </params>
          <reporter-output>
            <line>
              <![CDATA[BrowserSetup Successful]]>
            </line>
          </reporter-output>
        </test-method> <!-- browserSetUp -->
        <test-method is-config="true" signature="Login()[pri:0, instance:com.Amokart.registertest.RegisterTest@74ea2410]" started-at="2024-08-08T10:38:48 IST" name="Login" finished-at="2024-08-08T10:38:48 IST" duration-ms="1" status="PASS">
          <reporter-output>
            <line>
              <![CDATA[Login Successful]]>
            </line>
          </reporter-output>
        </test-method> <!-- Login -->
        <test-method signature="createUser_invalidData(java.lang.String,java.lang.String,java.lang.String)[pri:0, instance:com.Amokart.registertest.RegisterTest@74ea2410]" started-at="2024-08-08T10:38:48 IST" name="createUser_invalidData" data-provider="register" finished-at="2024-08-08T10:38:58 IST" duration-ms="9752" status="PASS">
          <params>
            <param index="0">
              <value>
                <![CDATA[Durga]]>
              </value>
            </param>
            <param index="1">
              <value>
                <![CDATA[durga123@gmail.com]]>
              </value>
            </param>
            <param index="2">
              <value>
                <![CDATA[Testing@#]]>
              </value>
            </param>
          </params>
          <reporter-output>
            <line>
              <![CDATA[createUser_invalidData for registerTest]]>
            </line>
          </reporter-output>
        </test-method> <!-- createUser_invalidData -->
        <test-method is-config="true" signature="Logout()[pri:0, instance:com.Amokart.registertest.RegisterTest@74ea2410]" started-at="2024-08-08T10:38:58 IST" name="Logout" finished-at="2024-08-08T10:38:58 IST" duration-ms="1" status="PASS">
          <reporter-output>
            <line>
              <![CDATA[Logout Successful]]>
            </line>
          </reporter-output>
        </test-method> <!-- Logout -->
        <test-method is-config="true" signature="Login()[pri:0, instance:com.Amokart.registertest.RegisterTest@74ea2410]" started-at="2024-08-08T10:38:58 IST" name="Login" finished-at="2024-08-08T10:38:58 IST" duration-ms="1" status="PASS">
          <reporter-output>
            <line>
              <![CDATA[Login Successful]]>
            </line>
          </reporter-output>
        </test-method> <!-- Login -->
        <test-method signature="createUser_invalidData(java.lang.String,java.lang.String,java.lang.String)[pri:0, instance:com.Amokart.registertest.RegisterTest@74ea2410]" started-at="2024-08-08T10:38:58 IST" name="createUser_invalidData" data-provider="register" finished-at="2024-08-08T10:39:08 IST" duration-ms="9890" status="PASS">
          <params>
            <param index="0">
              <value>
                <![CDATA[Reshma]]>
              </value>
            </param>
            <param index="1">
              <value>
                <![CDATA[reshma123@gmail.com]]>
              </value>
            </param>
            <param index="2">
              <value>
                <![CDATA[Developer@#]]>
              </value>
            </param>
          </params>
          <reporter-output>
            <line>
              <![CDATA[createUser_invalidData for registerTest]]>
            </line>
          </reporter-output>
        </test-method> <!-- createUser_invalidData -->
        <test-method is-config="true" signature="Logout()[pri:0, instance:com.Amokart.registertest.RegisterTest@74ea2410]" started-at="2024-08-08T10:39:08 IST" name="Logout" finished-at="2024-08-08T10:39:08 IST" duration-ms="1" status="PASS">
          <reporter-output>
            <line>
              <![CDATA[Logout Successful]]>
            </line>
          </reporter-output>
        </test-method> <!-- Logout -->
        <test-method is-config="true" signature="Login()[pri:0, instance:com.Amokart.registertest.RegisterTest@74ea2410]" started-at="2024-08-08T10:39:08 IST" name="Login" finished-at="2024-08-08T10:39:08 IST" duration-ms="1" status="PASS">
          <reporter-output>
            <line>
              <![CDATA[Login Successful]]>
            </line>
          </reporter-output>
        </test-method> <!-- Login -->
        <test-method signature="createUser_invalidData(java.lang.String,java.lang.String,java.lang.String)[pri:0, instance:com.Amokart.registertest.RegisterTest@74ea2410]" started-at="2024-08-08T10:39:08 IST" name="createUser_invalidData" data-provider="register" finished-at="2024-08-08T10:39:17 IST" duration-ms="9691" status="PASS">
          <params>
            <param index="0">
              <value>
                <![CDATA[Suriya]]>
              </value>
            </param>
            <param index="1">
              <value>
                <![CDATA[surya123@gmail.com]]>
              </value>
            </param>
            <param index="2">
              <value>
                <![CDATA[Faculty@#]]>
              </value>
            </param>
          </params>
          <reporter-output>
            <line>
              <![CDATA[createUser_invalidData for registerTest]]>
            </line>
          </reporter-output>
        </test-method> <!-- createUser_invalidData -->
        <test-method is-config="true" signature="Logout()[pri:0, instance:com.Amokart.registertest.RegisterTest@74ea2410]" started-at="2024-08-08T10:39:17 IST" name="Logout" finished-at="2024-08-08T10:39:17 IST" duration-ms="2" status="PASS">
          <reporter-output>
            <line>
              <![CDATA[Logout Successful]]>
            </line>
          </reporter-output>
        </test-method> <!-- Logout -->
        <test-method is-config="true" signature="closebrowser()[pri:0, instance:com.Amokart.registertest.RegisterTest@74ea2410]" started-at="2024-08-08T10:39:17 IST" name="closebrowser" finished-at="2024-08-08T10:39:18 IST" duration-ms="332" status="PASS">
          <reporter-output>
            <line>
              <![CDATA[CloseBrowser Successful]]>
            </line>
          </reporter-output>
        </test-method> <!-- closebrowser -->
        <test-method is-config="true" signature="postcondition()[pri:0, instance:com.Amokart.registertest.RegisterTest@74ea2410]" started-at="2024-08-08T10:39:18 IST" name="postcondition" finished-at="2024-08-08T10:39:18 IST" duration-ms="4" status="PASS">
          <reporter-output>
            <line>
              <![CDATA[Post condition done Successful]]>
            </line>
          </reporter-output>
        </test-method> <!-- postcondition -->
        <test-method is-config="true" signature="terminateSuiteConnections()[pri:0, instance:com.Amokart.registertest.RegisterTest@74ea2410]" started-at="2024-08-08T10:39:18 IST" name="terminateSuiteConnections" finished-at="2024-08-08T10:39:18 IST" duration-ms="2" status="PASS">
          <reporter-output>
            <line>
              <![CDATA[terminate SuiteConnections done Successful]]>
            </line>
          </reporter-output>
        </test-method> <!-- terminateSuiteConnections -->
      </class> <!-- com.Amokart.registertest.RegisterTest -->
    </test> <!-- Test -->
  </suite> <!-- Suite -->
</testng-results>
